#
# A fatal error has been detected by the Java Runtime Environment:
#
#  EXCEPTION_ACCESS_VIOLATION (0xc0000005) at pc=0x00007ff87f42c8c0, pid=12972, tid=5532
#
# JRE version: OpenJDK Runtime Environment Temurin-17.0.8.1+1 (17.0.8.1+1) (build 17.0.8.1+1)
# Java VM: OpenJDK 64-Bit Server VM Temurin-17.0.8.1+1 (17.0.8.1+1, mixed mode, emulated-client, tiered, compressed oops, compressed class ptrs, g1 gc, windows-amd64)
# Problematic frame:
# V  [jvm.dll+0xc8c0]
#
# No core dump will be written. Minidumps are not enabled by default on client versions of Windows
#
# If you would like to submit a bug report, please visit:
#   https://github.com/adoptium/adoptium-support/issues
#

---------------  S U M M A R Y ------------

Command Line: -Dcom.sun.management.jmxremote -Dcom.sun.management.jmxremote.port=57678 -Dcom.sun.management.jmxremote.authenticate=false -Dcom.sun.management.jmxremote.ssl=false -Djava.rmi.server.hostname=localhost -Dspring.jmx.enabled=true -Dmanagement.endpoints.jmx.exposure.include=* -Dspring.application.admin.enabled=true -XX:TieredStopAtLevel=1 -Dspring.boot.project.name=Eureka-server -Dfile.encoding=UTF-8 -Dstdout.encoding=UTF-8 -Dstderr.encoding=UTF-8 -XX:+ShowCodeDetailsInExceptionMessages com.optimagrowth.eureka.EurekaServerApplication --spring.output.ansi.enabled=always

Host: Intel(R) Core(TM) i7-8565U CPU @ 1.80GHz, 8 cores, 15G,  Windows 11 , 64 bit Build 22621 (10.0.22621.2428)
Time: Mon Jan 15 14:33:19 2024 Maroc (heure d64 bit Build 22621 (10.0.22621.2428) elapsed time: 3.349814 seconds (0d 0h 0m 3s)

---------------  T H R E A D  ---------------

Current thread (0x00000271da623490):  JavaThread "background-preinit" [_thread_in_vm, id=5532, stack(0x000000da57b00000,0x000000da57c00000)]

Stack: [0x000000da57b00000,0x000000da57c00000],  sp=0x000000da57bfd468,  free space=1013k
Native frames: (J=compiled Java code, j=interpreted, Vv=VM code, C=native code)
V  [jvm.dll+0xc8c0]

Java frames: (J=compiled Java code, j=interpreted, Vv=VM code)
j  sun.text.resources.cldr.FormatData_en.getContents()[[Ljava/lang/Object;+357 java.base@17.0.8.1
j  java.util.ListResourceBundle.loadLookup()V+9 java.base@17.0.8.1
j  java.util.ListResourceBundle.handleKeySet()Ljava/util/Set;+8 java.base@17.0.8.1
j  java.util.ResourceBundle.containsKey(Ljava/lang/String;)Z+19 java.base@17.0.8.1
j  java.text.DateFormatSymbols.initializeData(Ljava/util/Locale;)V+107 java.base@17.0.8.1
j  java.text.DateFormatSymbols.<init>(Ljava/util/Locale;)V+56 java.base@17.0.8.1
j  sun.util.locale.provider.DateFormatSymbolsProviderImpl.getInstance(Ljava/util/Locale;)Ljava/text/DateFormatSymbols;+17 java.base@17.0.8.1
j  java.text.DateFormatSymbols.getProviderInstance(Ljava/util/Locale;)Ljava/text/DateFormatSymbols;+14 java.base@17.0.8.1
j  java.text.DateFormatSymbols.getInstanceRef(Ljava/util/Locale;)Ljava/text/DateFormatSymbols;+1 java.base@17.0.8.1
j  java.text.SimpleDateFormat.<init>(Ljava/lang/String;Ljava/util/Locale;)V+53 java.base@17.0.8.1
j  com.fasterxml.jackson.databind.util.StdDateFormat.<clinit>()V+83
v  ~StubRoutines::call_stub
j  com.fasterxml.jackson.databind.ObjectMapper.<clinit>()V+23
v  ~StubRoutines::call_stub
j  org.springframework.http.converter.json.Jackson2ObjectMapperBuilder.build()Lcom/fasterxml/jackson/databind/ObjectMapper;+77
j  org.springframework.http.converter.json.MappingJackson2HttpMessageConverter.<init>()V+4
j  org.springframework.http.converter.support.AllEncompassingFormHttpMessageConverter.<init>()V+55
j  org.springframework.boot.autoconfigure.BackgroundPreinitializer$MessageConverterInitializer.run()V+4
j  org.springframework.boot.autoconfigure.BackgroundPreinitializer$1.runSafely(Ljava/lang/Runnable;)Z+1
j  org.springframework.boot.autoconfigure.BackgroundPreinitializer$1.run()V+32
j  java.lang.Thread.run()V+11 java.base@17.0.8.1
v  ~StubRoutines::call_stub

siginfo: EXCEPTION_ACCESS_VIOLATION (0xc0000005), reading address 0x00000261d5342ac0


Register to memory mapping:

RIP=0x00007ff87f42c8c0 jvm.dll
RAX=0x00000271d534b870 points into unknown readable memory: 0x120001530008726f | 6f 72 08 00 53 01 00 12
RBX=0x00000271d534b8e0 points into unknown readable memory: 0x0000000000000000 | 00 00 00 00 00 00 00 00
RCX=0x00000261d5342ac0 is an unknown value
RDX=0x0000000000000a01 is an unknown value
RSP=0x000000da57bfd468 is pointing into the stack for thread: 0x00000271da623490
RBP=0x0 is NULL
RSI=0x0000000000000001 is an unknown value
RDI=0x00000271da623400 points into unknown readable memory: 0x00651f001b00651e | 1e 65 00 1b 00 1f 65 00
R8 =0x0000000000000a01 is an unknown value
R9 =0x000000da57bfd538 is pointing into the stack for thread: 0x00000271da623490
R10=0x0 is NULL
R11=0x00000271d5ca7354 points into unknown readable memory: 68 00 20 00
R12=0x000000da57bfd538 is pointing into the stack for thread: 0x00000271da623490
R13=0x0 is NULL
R14=0x000000da57bfd4f0 is pointing into the stack for thread: 0x00000271da623490
R15=0x00000271d26c6a90 points into unknown readable memory: 0x0000000000000000 | 00 00 00 00 00 00 00 00


Registers:
RAX=0x00000271d534b870, RBX=0x00000271d534b8e0, RCX=0x00000261d5342ac0, RDX=0x0000000000000a01
RSP=0x000000da57bfd468, RBP=0x0000000000000000, RSI=0x0000000000000001, RDI=0x00000271da623400
R8 =0x0000000000000a01, R9 =0x000000da57bfd538, R10=0x0000000000000000, R11=0x00000271d5ca7354
R12=0x000000da57bfd538, R13=0x0000000000000000, R14=0x000000da57bfd4f0, R15=0x00000271d26c6a90
RIP=0x00007ff87f42c8c0, EFLAGS=0x0000000000010202

Top of Stack: (sp=0x000000da57bfd468)
0x000000da57bfd468:   00007ff87fb8218d 0000000000000000
0x000000da57bfd478:   00000271da623400 0000000000000001
0x000000da57bfd488:   00000271dac4a4e8 00000271da623490
0x000000da57bfd498:   00000000000003d8 00000271d5ca7350
0x000000da57bfd4a8:   00000271d5ca7728 0000000000000002
0x000000da57bfd4b8:   00007ff87fb83587 00000271d26c6a90
0x000000da57bfd4c8:   00000271da623490 00000271da623490
0x000000da57bfd4d8:   00000271da687d80 00000271da687dd8
0x000000da57bfd4e8:   0000000000000000 00000271da623490
0x000000da57bfd4f8:   0000000000000a01 0000027100000002
0x000000da57bfd508:   00000271d5ca7350 0000000000000000
0x000000da57bfd518:   0000000000000002 0000000000000002
0x000000da57bfd528:   00007ff87fb8423f 0000000000000000
0x000000da57bfd538:   00007ff87fbc3af1 0000000000000a01
0x000000da57bfd548:   00000271d5ca7350 00000271da623490
0x000000da57bfd558:   0000000100000000 000000000000006f 

Instructions: (pc=0x00007ff87f42c8c0)
0x00007ff87f42c7c0:   00 00 00 48 8b 41 38 48 8b 80 68 09 00 00 48 8b
0x00007ff87f42c7d0:   48 08 48 8b 40 50 48 d3 ea 80 3c 02 01 0f 85 cd
0x00007ff87f42c7e0:   00 00 00 48 8b 13 0f b6 c2 24 03 3c 03 75 19 48
0x00007ff87f42c7f0:   83 e2 fc 74 13 48 3b da 74 11 48 8b c2 48 8b 5c
0x00007ff87f42c800:   24 38 48 83 c4 20 5e c3 48 8b d3 48 8b 46 38 0f
0x00007ff87f42c810:   be 88 f0 02 00 00 c1 e9 02 f6 c1 01 74 dc 48 89
0x00007ff87f42c820:   7c 24 30 e8 a8 e4 ff ff 48 8b 0d 59 88 b9 00 48
0x00007ff87f42c830:   8b f8 48 81 c1 70 09 00 00 8b 41 40 0f b6 57 21
0x00007ff87f42c840:   8d 42 01 88 47 21 84 d2 75 0a 48 8b d7 e8 ae be
0x00007ff87f42c850:   6f 00 eb 20 80 7f 22 00 75 1a 8b 41 40 85 05 09
0x00007ff87f42c860:   e0 9a 00 74 0f b8 ff ff ff ff f0 0f c1 41 40 e8
0x00007ff87f42c870:   dc be 6f 00 48 8b 4e 38 4c 8b c7 48 8b d3 e8 dd
0x00007ff87f42c880:   f7 ff ff 0f b6 4f 21 48 8b d8 48 8b 15 f7 87 b9
0x00007ff87f42c890:   00 8d 41 ff 88 47 21 80 f9 01 77 0f 48 8d 8a 70
0x00007ff87f42c8a0:   09 00 00 48 8b d7 e8 85 be 6f 00 48 8b 7c 24 30
0x00007ff87f42c8b0:   48 8b c3 48 8b 5c 24 38 48 83 c4 20 5e c3 cc cc
0x00007ff87f42c8c0:   48 8b 01 c3 cc cc cc cc cc cc cc cc cc cc cc cc
0x00007ff87f42c8d0:   4c 8b 01 4c 8b c9 48 8b 0d a3 14 b5 00 ba 44 60
0x00007ff87f42c8e0:   08 00 e9 d9 f1 ff ff cc cc cc cc cc cc cc cc cc
0x00007ff87f42c8f0:   48 89 5c 24 08 57 48 83 ec 20 48 8b 39 48 8b d9
0x00007ff87f42c900:   48 85 3d a1 f6 b9 00 75 0e 48 8b c7 48 8b 5c 24
0x00007ff87f42c910:   30 48 83 c4 20 5f c3 48 8b cf e8 81 a2 85 00 48
0x00007ff87f42c920:   8b d0 48 85 c0 74 20 48 8b c7 f0 48 0f b1 13 74
0x00007ff87f42c930:   16 48 85 05 70 f6 b9 00 74 0d 48 8b c8 f0 48 0f
0x00007ff87f42c940:   b1 13 48 3b c1 75 ea 48 8b 5c 24 30 48 8b c2 48
0x00007ff87f42c950:   83 c4 20 5f c3 cc cc cc cc cc cc cc cc cc cc cc
0x00007ff87f42c960:   4c 8b 01 4c 8b c9 48 8b 0d 13 14 b5 00 ba 64 60
0x00007ff87f42c970:   08 00 e9 49 f1 ff ff cc cc cc cc cc cc cc cc cc
0x00007ff87f42c980:   8b 05 82 59 af 00 c3 cc cc cc cc cc cc cc cc cc
0x00007ff87f42c990:   0f b6 05 e7 1c b6 00 48 8b d1 84 c0 74 16 44 8b
0x00007ff87f42c9a0:   41 08 8b 0d 60 59 af 00 49 d3 e0 4c 03 05 4e 59
0x00007ff87f42c9b0:   af 00 eb 04 4c 8b 41 08 45 8b 50 08 45 85 d2 7e 


Stack slot to memory mapping:
stack at sp + 0 slots: 0x00007ff87fb8218d jvm.dll
stack at sp + 1 slots: 0x0 is NULL
stack at sp + 2 slots: 0x00000271da623400 points into unknown readable memory: 0x00651f001b00651e | 1e 65 00 1b 00 1f 65 00
stack at sp + 3 slots: 0x0000000000000001 is an unknown value
stack at sp + 4 slots: 0x00000271dac4a4e8 points into unknown readable memory: 0x000000070463bbb8 | b8 bb 63 04 07 00 00 00
stack at sp + 5 slots: 0x00000271da623490 is a thread
stack at sp + 6 slots: 0x00000000000003d8 is an unknown value
stack at sp + 7 slots: 0x00000271d5ca7350 points into unknown readable memory: 0x0020006800320051 | 51 00 32 00 68 00 20 00


---------------  P R O C E S S  ---------------

Threads class SMR info:
_java_thread_list=0x00000271daadf1c0, length=24, elements={
0x00000271c26fcfd0, 0x00000271d27d3570, 0x00000271d51048d0, 0x00000271d5111400,
0x00000271d513e010, 0x00000271d5141900, 0x00000271d514c1f0, 0x00000271d5150070,
0x00000271d5157dc0, 0x00000271d535b880, 0x00000271d53b6d10, 0x00000271d5bfdcc0,
0x00000271d5c069d0, 0x00000271d5c0b6f0, 0x00000271da5ca120, 0x00000271da614050,
0x00000271da61ad70, 0x00000271da622a70, 0x00000271da623eb0, 0x00000271da77e5f0,
0x00000271da623490, 0x00000271da9b40d0, 0x00000271daa30aa0, 0x00000271da6248d0
}

Java Threads: ( => current thread )
  0x00000271c26fcfd0 JavaThread "main" [_thread_blocked, id=12500, stack(0x000000da55900000,0x000000da55a00000)]
  0x00000271d27d3570 JavaThread "Reference Handler" daemon [_thread_blocked, id=17072, stack(0x000000da56000000,0x000000da56100000)]
  0x00000271d51048d0 JavaThread "Finalizer" daemon [_thread_blocked, id=3356, stack(0x000000da56100000,0x000000da56200000)]
  0x00000271d5111400 JavaThread "Signal Dispatcher" daemon [_thread_blocked, id=4832, stack(0x000000da56200000,0x000000da56300000)]
  0x00000271d513e010 JavaThread "Attach Listener" daemon [_thread_blocked, id=18144, stack(0x000000da56300000,0x000000da56400000)]
  0x00000271d5141900 JavaThread "Service Thread" daemon [_thread_blocked, id=17412, stack(0x000000da56400000,0x000000da56500000)]
  0x00000271d514c1f0 JavaThread "Monitor Deflation Thread" daemon [_thread_blocked, id=7540, stack(0x000000da56500000,0x000000da56600000)]
  0x00000271d5150070 JavaThread "C1 CompilerThread0" daemon [_thread_blocked, id=17432, stack(0x000000da56600000,0x000000da56700000)]
  0x00000271d5157dc0 JavaThread "Sweeper thread" daemon [_thread_blocked, id=2156, stack(0x000000da56700000,0x000000da56800000)]
  0x00000271d535b880 JavaThread "Common-Cleaner" daemon [_thread_blocked, id=8560, stack(0x000000da56800000,0x000000da56900000)]
  0x00000271d53b6d10 JavaThread "Notification Thread" daemon [_thread_blocked, id=17040, stack(0x000000da56a00000,0x000000da56b00000)]
  0x00000271d5bfdcc0 JavaThread "RMI TCP Accept-0" daemon [_thread_in_native, id=14440, stack(0x000000da56b00000,0x000000da56c00000)]
  0x00000271d5c069d0 JavaThread "RMI TCP Accept-57678" daemon [_thread_in_native, id=17480, stack(0x000000da56c00000,0x000000da56d00000)]
  0x00000271d5c0b6f0 JavaThread "RMI TCP Accept-0" daemon [_thread_in_native, id=7752, stack(0x000000da56d00000,0x000000da56e00000)]
  0x00000271da5ca120 JavaThread "RMI TCP Connection(1)-127.0.0.1" daemon [_thread_in_native, id=5840, stack(0x000000da57600000,0x000000da57700000)]
  0x00000271da614050 JavaThread "RMI Scheduler(0)" daemon [_thread_blocked, id=23988, stack(0x000000da57700000,0x000000da57800000)]
  0x00000271da61ad70 JavaThread "RMI TCP Connection(2)-127.0.0.1" daemon [_thread_in_native, id=12652, stack(0x000000da57800000,0x000000da57900000)]
  0x00000271da622a70 JavaThread "JMX server connection timeout 22" daemon [_thread_blocked, id=10888, stack(0x000000da57900000,0x000000da57a00000)]
  0x00000271da623eb0 JavaThread "spring.cloud.inetutils" daemon [_thread_in_native, id=15076, stack(0x000000da57c00000,0x000000da57d00000)]
  0x00000271da77e5f0 JavaThread "C1 CompilerThread1" daemon [_thread_blocked, id=13000, stack(0x000000da57a00000,0x000000da57b00000)]
=>0x00000271da623490 JavaThread "background-preinit" [_thread_in_vm, id=5532, stack(0x000000da57b00000,0x000000da57c00000)]
  0x00000271da9b40d0 JavaThread "C1 CompilerThread2" daemon [_thread_blocked, id=24016, stack(0x000000da57e00000,0x000000da57f00000)]
  0x00000271daa30aa0 JavaThread "C1 CompilerThread3" daemon [_thread_blocked, id=23944, stack(0x000000da57f00000,0x000000da58000000)]
  0x00000271da6248d0 JavaThread "Thread-1" [_thread_in_vm, id=9552, stack(0x000000da58000000,0x000000da58100000)] _threads_hazard_ptr=0x00000271daadf1c0

Other Threads:
  0x00000271d27d1a10 VMThread "VM Thread" [stack: 0x000000da55f00000,0x000000da56000000] [id=18192]
  0x00000271d25fa0b0 WatcherThread [stack: 0x000000da56e00000,0x000000da56f00000] [id=7068]
  0x00000271c2767d10 GCTaskThread "GC Thread#0" [stack: 0x000000da55a00000,0x000000da55b00000] [id=9440]
  0x00000271da55f2b0 GCTaskThread "GC Thread#1" [stack: 0x000000da56f00000,0x000000da57000000] [id=16344]
  0x00000271da5bf820 GCTaskThread "GC Thread#2" [stack: 0x000000da57000000,0x000000da57100000] [id=18280]
  0x00000271da54f270 GCTaskThread "GC Thread#3" [stack: 0x000000da57100000,0x000000da57200000] [id=3660]
  0x00000271da54f530 GCTaskThread "GC Thread#4" [stack: 0x000000da57200000,0x000000da57300000] [id=9840]
  0x00000271da54fc00 GCTaskThread "GC Thread#5" [stack: 0x000000da57300000,0x000000da57400000] [id=6060]
  0x00000271da5e0e30 GCTaskThread "GC Thread#6" [stack: 0x000000da57400000,0x000000da57500000] [id=11928]
  0x00000271da777510 GCTaskThread "GC Thread#7" [stack: 0x000000da56900000,0x000000da56a00000] [id=11044]
  0x00000271d25ec9d0 ConcurrentGCThread "G1 Main Marker" [stack: 0x000000da55b00000,0x000000da55c00000] [id=2816]
  0x00000271c276e060 ConcurrentGCThread "G1 Conc#0" [stack: 0x000000da55c00000,0x000000da55d00000] [id=12016]
  0x00000271da8cc490 ConcurrentGCThread "G1 Conc#1" [stack: 0x000000da57d00000,0x000000da57e00000] [id=24492]
  0x00000271d26c3840 ConcurrentGCThread "G1 Refine#0" [stack: 0x000000da55d00000,0x000000da55e00000] [id=6892]
  0x00000271da5e1710 ConcurrentGCThread "G1 Refine#1" [stack: 0x000000da57500000,0x000000da57600000] [id=16656]
  0x00000271d26c4180 ConcurrentGCThread "G1 Service" [stack: 0x000000da55e00000,0x000000da55f00000] [id=18152]

Threads with active compile tasks:

VM state: not at safepoint (normal execution)

VM Mutex/Monitor currently owned by a thread: None

Heap address: 0x0000000702000000, size: 4064 MB, Compressed Oops mode: Zero based, Oop shift amount: 3

CDS archive(s) not mapped
Compressed class space mapped at: 0x0000000800000000-0x0000000840000000, reserved size: 1073741824
Narrow klass base: 0x0000000800000000, Narrow klass shift: 0, Narrow klass range: 0x40000000

GC Precious Log:
 CPUs: 8 total, 8 available
 Memory: 16254M
 Large Page Support: Disabled
 NUMA Support: Disabled
 Compressed Oops: Enabled (Zero based)
 Heap Region Size: 2M
 Heap Min Capacity: 8M
 Heap Initial Capacity: 254M
 Heap Max Capacity: 4064M
 Pre-touch: Disabled
 Parallel Workers: 8
 Concurrent Workers: 2
 Concurrent Refinement Workers: 8
 Periodic GC: Disabled

Heap:
 garbage-first heap   total 49152K, used 18278K [0x0000000702000000, 0x0000000800000000)
  region size 2048K, 5 young (10240K), 1 survivors (2048K)
 Metaspace       used 27151K, committed 27392K, reserved 1114112K
  class space    used 3291K, committed 3392K, reserved 1048576K

Heap Regions: E=young(eden), S=young(survivor), O=old, HS=humongous(starts), HC=humongous(continues), CS=collection set, F=free, OA=open archive, CA=closed archive, TAMS=top-at-mark-start (previous, next)
|   0|0x0000000702000000, 0x0000000702200000, 0x0000000702200000|100%| O|  |TAMS 0x0000000702200000, 0x0000000702000000| Untracked 
|   1|0x0000000702200000, 0x0000000702400000, 0x0000000702400000|100%| O|  |TAMS 0x0000000702400000, 0x0000000702200000| Untracked 
|   2|0x0000000702400000, 0x0000000702600000, 0x0000000702600000|100%| O|  |TAMS 0x0000000702600000, 0x0000000702400000| Untracked 
|   3|0x0000000702600000, 0x0000000702600000, 0x0000000702800000|  0%| F|  |TAMS 0x0000000702600000, 0x0000000702600000| Untracked 
|   4|0x0000000702800000, 0x0000000702a00000, 0x0000000702a00000|100%| O|  |TAMS 0x0000000702800000, 0x0000000702800000| Untracked 
|   5|0x0000000702a00000, 0x0000000702c00000, 0x0000000702c00000|100%| O|  |TAMS 0x0000000702a00000, 0x0000000702a00000| Untracked 
|   6|0x0000000702c00000, 0x0000000702d3a000, 0x0000000702e00000| 61%| O|  |TAMS 0x0000000702c00000, 0x0000000702c00000| Untracked 
|   7|0x0000000702e00000, 0x0000000702e00000, 0x0000000703000000|  0%| F|  |TAMS 0x0000000702e00000, 0x0000000702e00000| Untracked 
|   8|0x0000000703000000, 0x0000000703000000, 0x0000000703200000|  0%| F|  |TAMS 0x0000000703000000, 0x0000000703000000| Untracked 
|   9|0x0000000703200000, 0x0000000703200000, 0x0000000703400000|  0%| F|  |TAMS 0x0000000703200000, 0x0000000703200000| Untracked 
|  10|0x0000000703400000, 0x0000000703400000, 0x0000000703600000|  0%| F|  |TAMS 0x0000000703400000, 0x0000000703400000| Untracked 
|  11|0x0000000703600000, 0x0000000703600000, 0x0000000703800000|  0%| F|  |TAMS 0x0000000703600000, 0x0000000703600000| Untracked 
|  12|0x0000000703800000, 0x0000000703800000, 0x0000000703a00000|  0%| F|  |TAMS 0x0000000703800000, 0x0000000703800000| Untracked 
|  13|0x0000000703a00000, 0x0000000703a00000, 0x0000000703c00000|  0%| F|  |TAMS 0x0000000703a00000, 0x0000000703a00000| Untracked 
|  14|0x0000000703c00000, 0x0000000703c00000, 0x0000000703e00000|  0%| F|  |TAMS 0x0000000703c00000, 0x0000000703c00000| Untracked 
|  15|0x0000000703e00000, 0x0000000703e00000, 0x0000000704000000|  0%| F|  |TAMS 0x0000000703e00000, 0x0000000703e00000| Untracked 
|  16|0x0000000704000000, 0x0000000704000000, 0x0000000704200000|  0%| F|  |TAMS 0x0000000704000000, 0x0000000704000000| Untracked 
|  17|0x0000000704200000, 0x0000000704200000, 0x0000000704400000|  0%| F|  |TAMS 0x0000000704200000, 0x0000000704200000| Untracked 
|  18|0x0000000704400000, 0x0000000704400000, 0x0000000704600000|  0%| F|  |TAMS 0x0000000704400000, 0x0000000704400000| Untracked 
|  19|0x0000000704600000, 0x000000070465a478, 0x0000000704800000| 17%| E|  |TAMS 0x0000000704600000, 0x0000000704600000| Complete 
|  20|0x0000000704800000, 0x0000000704a00000, 0x0000000704a00000|100%| E|CS|TAMS 0x0000000704800000, 0x0000000704800000| Complete 
| 115|0x0000000710600000, 0x0000000710800000, 0x0000000710800000|100%| E|CS|TAMS 0x0000000710600000, 0x0000000710600000| Complete 
| 116|0x0000000710800000, 0x000000071089fab0, 0x0000000710a00000| 31%| S|CS|TAMS 0x0000000710800000, 0x0000000710800000| Complete 
| 126|0x0000000711c00000, 0x0000000711e00000, 0x0000000711e00000|100%| E|CS|TAMS 0x0000000711c00000, 0x0000000711c00000| Complete 

Card table byte_map: [0x00000271c9670000,0x00000271c9e60000] _byte_map_base: 0x00000271c5e60000

Marking Bits (Prev, Next): (CMBitMap*) 0x00000271c2769290, (CMBitMap*) 0x00000271c2769250
 Prev Bits: [0x00000271ce5d0000, 0x00000271d2550000)
 Next Bits: [0x00000271ca650000, 0x00000271ce5d0000)

Polling page: 0x00000271c0670000

Metaspace:

Usage:
  Non-class:     23.30 MB used.
      Class:      3.21 MB used.
       Both:     26.52 MB used.

Virtual space:
  Non-class space:       64.00 MB reserved,      23.44 MB ( 37%) committed,  1 nodes.
      Class space:        1.00 GB reserved,       3.31 MB ( <1%) committed,  1 nodes.
             Both:        1.06 GB reserved,      26.75 MB (  2%) committed. 

Chunk freelists:
   Non-Class:  8.20 MB
       Class:  12.69 MB
        Both:  20.90 MB

MaxMetaspaceSize: unlimited
CompressedClassSpaceSize: 1.00 GB
Initial GC threshold: 21.00 MB
Current GC threshold: 35.44 MB
CDS: off
MetaspaceReclaimPolicy: balanced
 - commit_granule_bytes: 65536.
 - commit_granule_words: 8192.
 - virtual_space_node_default_size: 8388608.
 - enlarge_chunks_in_place: 1.
 - new_chunks_are_fully_committed: 0.
 - uncommit_free_chunks: 1.
 - use_allocation_guard: 0.
 - handle_deallocations: 1.


Internal statistics:

num_allocs_failed_limit: 3.
num_arena_births: 314.
num_arena_deaths: 0.
num_vsnodes_births: 2.
num_vsnodes_deaths: 0.
num_space_committed: 428.
num_space_uncommitted: 0.
num_chunks_returned_to_freelist: 3.
num_chunks_taken_from_freelist: 888.
num_chunk_merges: 3.
num_chunk_splits: 596.
num_chunks_enlarged: 436.
num_inconsistent_stats: 0.

CodeCache: size=49152Kb used=6385Kb max_used=6385Kb free=42766Kb
 bounds [0x00000271c5d70000, 0x00000271c63c0000, 0x00000271c8d70000]
 total_blobs=2841 nmethods=2346 adapters=419
 compilation: enabled
              stopped_count=0, restarted_count=0
 full_count=0

Compilation events (20 events):
Event: 3.331 Thread 0x00000271daa30aa0 nmethod 2336 0x00000271c6125a90 code [0x00000271c6125c20, 0x00000271c6125d08]
Event: 3.331 Thread 0x00000271daa30aa0 2339       1       sun.util.locale.BaseLocale$Cache::createObject (8 bytes)
Event: 3.331 Thread 0x00000271da77e5f0 nmethod 2338 0x00000271c6125610 code [0x00000271c61257c0, 0x00000271c6125978]
Event: 3.331 Thread 0x00000271da77e5f0 2340       1       java.util.Locale$Cache::createObject (6 bytes)
Event: 3.331 Thread 0x00000271daa30aa0 nmethod 2339 0x00000271c6125190 code [0x00000271c6125340, 0x00000271c6125508]
Event: 3.331 Thread 0x00000271daa30aa0 2311       1       sun.util.locale.ParseStatus::reset (16 bytes)
Event: 3.331 Thread 0x00000271da77e5f0 nmethod 2340 0x00000271c6124010 code [0x00000271c61241a0, 0x00000271c6124288]
Event: 3.331 Thread 0x00000271da77e5f0 2307       1       sun.util.locale.InternalLocaleBuilder::<init> (29 bytes)
Event: 3.332 Thread 0x00000271d5150070 nmethod 2331 0x00000271c6124310 code [0x00000271c6124580, 0x00000271c6124cb8]
Event: 3.332 Thread 0x00000271daa30aa0 nmethod 2311 0x00000271c6123d10 code [0x00000271c6123ea0, 0x00000271c6123f98]
Event: 3.332 Thread 0x00000271daa30aa0 2305       1       sun.util.locale.BaseLocale::convertOldISOCodes (238 bytes)
Event: 3.332 Thread 0x00000271d5150070 2321       1       sun.util.locale.LanguageTag::isRegion (36 bytes)
Event: 3.332 Thread 0x00000271da77e5f0 nmethod 2307 0x00000271c6123810 code [0x00000271c61239c0, 0x00000271c6123c58]
Event: 3.332 Thread 0x00000271da9b40d0 nmethod 2329 0x00000271c6122290 code [0x00000271c61225a0, 0x00000271c6123138]
Event: 3.332 Thread 0x00000271daa30aa0 nmethod 2305 0x00000271c6121c10 code [0x00000271c6121e00, 0x00000271c6122148]
Event: 3.332 Thread 0x00000271daa30aa0 2346   !   1       java.util.concurrent.ConcurrentHashMap::initTable (112 bytes)
Event: 3.333 Thread 0x00000271daa30aa0 nmethod 2346 0x00000271c6121610 code [0x00000271c61217c0, 0x00000271c6121aa8]
Event: 3.333 Thread 0x00000271d5150070 nmethod 2321 0x00000271c6120d90 code [0x00000271c6120f60, 0x00000271c6121338]
Event: 3.333 Thread 0x00000271d5150070 2347       1       org.springframework.util.Assert::hasLength (17 bytes)
Event: 3.333 Thread 0x00000271d5150070 nmethod 2347 0x00000271c6120990 code [0x00000271c6120b20, 0x00000271c6120ca8]

GC Heap History (10 events):
Event: 1.012 GC heap before
{Heap before GC invocations=0 (full 0):
 garbage-first heap   total 260096K, used 20480K [0x0000000702000000, 0x0000000800000000)
  region size 2048K, 11 young (22528K), 0 survivors (0K)
 Metaspace       used 14150K, committed 14336K, reserved 1114112K
  class space    used 1463K, committed 1536K, reserved 1048576K
}
Event: 1.018 GC heap after
{Heap after GC invocations=1 (full 0):
 garbage-first heap   total 260096K, used 8081K [0x0000000702000000, 0x0000000800000000)
  region size 2048K, 2 young (4096K), 2 survivors (4096K)
 Metaspace       used 14150K, committed 14336K, reserved 1114112K
  class space    used 1463K, committed 1536K, reserved 1048576K
}
Event: 2.809 GC heap before
{Heap before GC invocations=1 (full 0):
 garbage-first heap   total 260096K, used 24465K [0x0000000702000000, 0x0000000800000000)
  region size 2048K, 10 young (20480K), 2 survivors (4096K)
 Metaspace       used 17996K, committed 18240K, reserved 1114112K
  class space    used 2032K, committed 2176K, reserved 1048576K
}
Event: 2.813 GC heap after
{Heap after GC invocations=2 (full 0):
 garbage-first heap   total 260096K, used 9518K [0x0000000702000000, 0x0000000800000000)
  region size 2048K, 1 young (2048K), 1 survivors (2048K)
 Metaspace       used 17996K, committed 18240K, reserved 1114112K
  class space    used 2032K, committed 2176K, reserved 1048576K
}
Event: 3.040 GC heap before
{Heap before GC invocations=2 (full 0):
 garbage-first heap   total 260096K, used 23854K [0x0000000702000000, 0x0000000800000000)
  region size 2048K, 10 young (20480K), 1 survivors (2048K)
 Metaspace       used 21267K, committed 21504K, reserved 1114112K
  class space    used 2524K, committed 2624K, reserved 1048576K
}
Event: 3.042 GC heap after
{Heap after GC invocations=3 (full 0):
 garbage-first heap   total 260096K, used 10426K [0x0000000702000000, 0x0000000800000000)
  region size 2048K, 2 young (4096K), 2 survivors (4096K)
 Metaspace       used 21267K, committed 21504K, reserved 1114112K
  class space    used 2524K, committed 2624K, reserved 1048576K
}
Event: 3.259 GC heap before
{Heap before GC invocations=4 (full 0):
 garbage-first heap   total 49152K, used 32954K [0x0000000702000000, 0x0000000800000000)
  region size 2048K, 14 young (28672K), 2 survivors (4096K)
 Metaspace       used 25435K, committed 25792K, reserved 1114112K
  class space    used 3142K, committed 3328K, reserved 1048576K
}
Event: 3.263 GC heap after
{Heap after GC invocations=5 (full 0):
 garbage-first heap   total 49152K, used 11904K [0x0000000702000000, 0x0000000800000000)
  region size 2048K, 2 young (4096K), 2 survivors (4096K)
 Metaspace       used 25435K, committed 25792K, reserved 1114112K
  class space    used 3142K, committed 3328K, reserved 1048576K
}
Event: 3.274 GC heap before
{Heap before GC invocations=5 (full 0):
 garbage-first heap   total 49152K, used 13952K [0x0000000702000000, 0x0000000800000000)
  region size 2048K, 3 young (6144K), 2 survivors (4096K)
 Metaspace       used 25812K, committed 26112K, reserved 1114112K
  class space    used 3170K, committed 3328K, reserved 1048576K
}
Event: 3.278 GC heap after
{Heap after GC invocations=6 (full 0):
 garbage-first heap   total 49152K, used 12134K [0x0000000702000000, 0x0000000800000000)
  region size 2048K, 1 young (2048K), 1 survivors (2048K)
 Metaspace       used 25812K, committed 26112K, reserved 1114112K
  class space    used 3170K, committed 3328K, reserved 1048576K
}

Dll operation events (8 events):
Event: 0.018 Loaded shared library C:\Users\ayoub\OneDrive\Bureau\sts-4.20.0.RELEASE\plugins\org.eclipse.justj.openjdk.hotspot.jre.full.win32.x86_64_17.0.8.v20230831-1047\jre\bin\java.dll
Event: 0.299 Loaded shared library C:\Users\ayoub\OneDrive\Bureau\sts-4.20.0.RELEASE\plugins\org.eclipse.justj.openjdk.hotspot.jre.full.win32.x86_64_17.0.8.v20230831-1047\jre\bin\jimage.dll
Event: 0.318 Loaded shared library C:\Users\ayoub\OneDrive\Bureau\sts-4.20.0.RELEASE\plugins\org.eclipse.justj.openjdk.hotspot.jre.full.win32.x86_64_17.0.8.v20230831-1047\jre\bin\net.dll
Event: 0.321 Loaded shared library C:\Users\ayoub\OneDrive\Bureau\sts-4.20.0.RELEASE\plugins\org.eclipse.justj.openjdk.hotspot.jre.full.win32.x86_64_17.0.8.v20230831-1047\jre\bin\nio.dll
Event: 0.327 Loaded shared library C:\Users\ayoub\OneDrive\Bureau\sts-4.20.0.RELEASE\plugins\org.eclipse.justj.openjdk.hotspot.jre.full.win32.x86_64_17.0.8.v20230831-1047\jre\bin\zip.dll
Event: 0.447 Loaded shared library C:\Users\ayoub\OneDrive\Bureau\sts-4.20.0.RELEASE\plugins\org.eclipse.justj.openjdk.hotspot.jre.full.win32.x86_64_17.0.8.v20230831-1047\jre\bin\management.dll
Event: 0.467 Loaded shared library C:\Users\ayoub\OneDrive\Bureau\sts-4.20.0.RELEASE\plugins\org.eclipse.justj.openjdk.hotspot.jre.full.win32.x86_64_17.0.8.v20230831-1047\jre\bin\management_ext.dll
Event: 0.862 Loaded shared library C:\Users\ayoub\OneDrive\Bureau\sts-4.20.0.RELEASE\plugins\org.eclipse.justj.openjdk.hotspot.jre.full.win32.x86_64_17.0.8.v20230831-1047\jre\bin\verify.dll

Deoptimization events (2 events):
Event: 3.084 Thread 0x00000271c26fcfd0 DEOPT PACKING pc=0x00000271c619e679 sp=0x000000da559fd2f0
Event: 3.084 Thread 0x00000271c26fcfd0 DEOPT UNPACKING pc=0x00000271c5dc7143 sp=0x000000da559fc7d0 mode 3

Classes unloaded (0 events):
No events

Classes redefined (0 events):
No events

Internal exceptions (20 events):
Event: 2.808 Thread 0x00000271c26fcfd0 Exception <a 'java/lang/NoSuchMethodError'{0x0000000710ff96c8}: 'java.lang.Object java.lang.invoke.DirectMethodHandle$Holder.newInvokeSpecial(java.lang.Object, java.lang.Object, java.lang.Object, java.lang.Object, java.lang.Object, java.lang.Object, int)'> (0x0000000710ff96c8) 
thrown [s\src\hotspot\share\interpreter\linkResolver.cpp, line 759]
Event: 2.809 Thread 0x00000271c26fcfd0 Exception <a 'java/lang/NoSuchMethodError'{0x0000000710ffe708}: 'java.lang.Object java.lang.invoke.DirectMethodHandle$Holder.invokeSpecial(java.lang.Object, java.lang.Object, java.lang.Object, java.lang.Object, java.lang.Object, java.lang.Object, java.lang.Object, int)'> (0x0000000710ffe708) 
thrown [s\src\hotspot\share\interpreter\linkResolver.cpp, line 759]
Event: 2.849 Thread 0x00000271c26fcfd0 Exception <a 'java/lang/NoSuchMethodError'{0x0000000711ac99c8}: 'java.lang.Object java.lang.invoke.DirectMethodHandle$Holder.invokeSpecial(java.lang.Object, java.lang.Object, java.lang.Object, int, java.lang.Object)'> (0x0000000711ac99c8) 
thrown [s\src\hotspot\share\interpreter\linkResolver.cpp, line 759]
Event: 2.849 Thread 0x00000271c26fcfd0 Exception <a 'java/lang/NoSuchMethodError'{0x0000000711ad1f30}: 'java.lang.Object java.lang.invoke.DirectMethodHandle$Holder.newInvokeSpecial(java.lang.Object, java.lang.Object, java.lang.Object, int, java.lang.Object)'> (0x0000000711ad1f30) 
thrown [s\src\hotspot\share\interpreter\linkResolver.cpp, line 759]
Event: 2.851 Thread 0x00000271c26fcfd0 Exception <a 'java/lang/NoSuchMethodError'{0x0000000711aed1a8}: 'java.lang.Object java.lang.invoke.DirectMethodHandle$Holder.newInvokeSpecial(java.lang.Object, int, java.lang.Object)'> (0x0000000711aed1a8) 
thrown [s\src\hotspot\share\interpreter\linkResolver.cpp, line 759]
Event: 2.851 Thread 0x00000271c26fcfd0 Exception <a 'java/lang/NoSuchMethodError'{0x0000000711af1070}: 'int java.lang.invoke.DirectMethodHandle$Holder.invokeSpecialIFC(java.lang.Object, java.lang.Object, java.lang.Object, java.lang.Object)'> (0x0000000711af1070) 
thrown [s\src\hotspot\share\interpreter\linkResolver.cpp, line 759]
Event: 2.865 Thread 0x00000271c26fcfd0 Exception <a 'java/lang/NoSuchMethodError'{0x0000000711813568}: 'void java.lang.invoke.DirectMethodHandle$Holder.invokeInterface(java.lang.Object, java.lang.Object, java.lang.Object)'> (0x0000000711813568) 
thrown [s\src\hotspot\share\interpreter\linkResolver.cpp, line 759]
Event: 2.903 Thread 0x00000271c26fcfd0 Exception <a 'java/lang/NoSuchMethodError'{0x00000007119cce68}: 'void java.lang.invoke.DirectMethodHandle$Holder.invokeStatic(java.lang.Object, java.lang.Object, int)'> (0x00000007119cce68) 
thrown [s\src\hotspot\share\interpreter\linkResolver.cpp, line 759]
Event: 2.906 Thread 0x00000271c26fcfd0 Exception <a 'java/lang/NoSuchMethodError'{0x00000007119e3240}: 'void java.lang.invoke.DirectMethodHandle$Holder.invokeStaticInit(java.lang.Object, java.lang.Object, java.lang.Object)'> (0x00000007119e3240) 
thrown [s\src\hotspot\share\interpreter\linkResolver.cpp, line 759]
Event: 2.909 Thread 0x00000271c26fcfd0 Exception <a 'java/lang/NoSuchMethodError'{0x0000000711629dc8}: 'java.lang.Object java.lang.invoke.DirectMethodHandle$Holder.invokeStatic(java.lang.Object, java.lang.Object, long, java.lang.Object)'> (0x0000000711629dc8) 
thrown [s\src\hotspot\share\interpreter\linkResolver.cpp, line 759]
Event: 2.910 Thread 0x00000271c26fcfd0 Exception <a 'java/lang/NoSuchMethodError'{0x000000071162d860}: 'java.lang.Object java.lang.invoke.DirectMethodHandle$Holder.invokeStaticInit(java.lang.Object, java.lang.Object, long, java.lang.Object)'> (0x000000071162d860) 
thrown [s\src\hotspot\share\interpreter\linkResolver.cpp, line 759]
Event: 2.910 Thread 0x00000271c26fcfd0 Exception <a 'java/lang/NoSuchMethodError'{0x0000000711633b90}: 'java.lang.Object java.lang.invoke.DirectMethodHandle$Holder.newInvokeSpecial(java.lang.Object, java.lang.Object, long)'> (0x0000000711633b90) 
thrown [s\src\hotspot\share\interpreter\linkResolver.cpp, line 759]
Event: 2.917 Thread 0x00000271c26fcfd0 Exception <a 'java/lang/NoSuchMethodError'{0x0000000711692d38}: 'void java.lang.invoke.DirectMethodHandle$Holder.invokeSpecial(java.lang.Object, java.lang.Object, java.lang.Object, java.lang.Object, java.lang.Object)'> (0x0000000711692d38) 
thrown [s\src\hotspot\share\interpreter\linkResolver.cpp, line 759]
Event: 2.918 Thread 0x00000271c26fcfd0 Exception <a 'java/lang/NoSuchMethodError'{0x000000071169b350}: 'void java.lang.invoke.DirectMethodHandle$Holder.invokeVirtual(java.lang.Object, java.lang.Object, java.lang.Object, java.lang.Object)'> (0x000000071169b350) 
thrown [s\src\hotspot\share\interpreter\linkResolver.cpp, line 759]
Event: 2.944 Thread 0x00000271c26fcfd0 Exception <a 'java/lang/NoSuchMethodError'{0x00000007117f80c8}: 'void java.lang.invoke.DirectMethodHandle$Holder.invokeSpecial(java.lang.Object, java.lang.Object, java.lang.Object)'> (0x00000007117f80c8) 
thrown [s\src\hotspot\share\interpreter\linkResolver.cpp, line 759]
Event: 2.947 Thread 0x00000271c26fcfd0 Exception <a 'java/lang/IncompatibleClassChangeError'{0x0000000711421f90}: Found class java.lang.Object, but interface was expected> (0x0000000711421f90) 
thrown [s\src\hotspot\share\interpreter\linkResolver.cpp, line 826]
Event: 3.181 Thread 0x00000271da61ad70 Exception <a 'java/lang/reflect/InvocationTargetException'{0x0000000703edb550}> (0x0000000703edb550) 
thrown [s\src\hotspot\share\runtime\reflection.cpp, line 1121]
Event: 3.188 Thread 0x00000271c26fcfd0 Exception <a 'sun/nio/fs/WindowsException'{0x0000000703faff50}> (0x0000000703faff50) 
thrown [s\src\hotspot\share\prims\jni.cpp, line 516]
Event: 3.189 Thread 0x00000271c26fcfd0 Exception <a 'java/lang/NoSuchMethodError'{0x0000000703fb1748}: 'int java.lang.invoke.DirectMethodHandle$Holder.invokeSpecial(java.lang.Object, java.lang.Object, java.lang.Object, java.lang.Object, java.lang.Object)'> (0x0000000703fb1748) 
thrown [s\src\hotspot\share\interpreter\linkResolver.cpp, line 759]
Event: 3.190 Thread 0x00000271c26fcfd0 Exception <a 'java/lang/NoSuchMethodError'{0x0000000703fba4f8}: 'void java.lang.invoke.DirectMethodHandle$Holder.invokeVirtual(java.lang.Object, java.lang.Object)'> (0x0000000703fba4f8) 
thrown [s\src\hotspot\share\interpreter\linkResolver.cpp, line 759]

VM Operations (20 events):
Event: 2.809 Executing VM operation: G1CollectForAllocation
Event: 2.813 Executing VM operation: G1CollectForAllocation done
Event: 2.942 Executing VM operation: HandshakeAllThreads
Event: 2.942 Executing VM operation: HandshakeAllThreads done
Event: 3.040 Executing VM operation: CollectForMetadataAllocation
Event: 3.042 Executing VM operation: CollectForMetadataAllocation done
Event: 3.049 Executing VM operation: G1PauseRemark
Event: 3.051 Executing VM operation: G1PauseRemark done
Event: 3.053 Executing VM operation: G1PauseCleanup
Event: 3.053 Executing VM operation: G1PauseCleanup done
Event: 3.135 Executing VM operation: HandshakeAllThreads
Event: 3.135 Executing VM operation: HandshakeAllThreads done
Event: 3.171 Executing VM operation: HandshakeAllThreads
Event: 3.171 Executing VM operation: HandshakeAllThreads done
Event: 3.255 Executing VM operation: HandshakeAllThreads
Event: 3.255 Executing VM operation: HandshakeAllThreads done
Event: 3.259 Executing VM operation: G1CollectForAllocation
Event: 3.263 Executing VM operation: G1CollectForAllocation done
Event: 3.274 Executing VM operation: G1CollectForAllocation
Event: 3.278 Executing VM operation: G1CollectForAllocation done

Events (20 events):
Event: 3.332 loading class sun/util/locale/provider/LocaleResources$ResourceReference
Event: 3.332 loading class sun/util/locale/provider/LocaleResources$ResourceReference done
Event: 3.332 loading class sun/util/calendar/Gregorian$Date
Event: 3.332 loading class sun/util/calendar/BaseCalendar$Date
Event: 3.332 loading class sun/util/calendar/CalendarDate
Event: 3.333 loading class sun/util/calendar/CalendarDate done
Event: 3.333 loading class sun/util/calendar/BaseCalendar$Date done
Event: 3.333 loading class sun/util/calendar/Gregorian$Date done
Event: 3.333 loading class sun/util/calendar/CalendarUtils
Event: 3.333 loading class sun/util/calendar/CalendarUtils done
Event: 3.333 loading class java/text/DateFormatSymbols
Event: 3.333 loading class java/text/DateFormatSymbols done
Event: 3.334 loading class sun/util/locale/provider/DateFormatSymbolsProviderImpl
Event: 3.334 loading class sun/util/locale/provider/DateFormatSymbolsProviderImpl done
Event: 3.334 loading class sun/text/resources/cldr/FormatData
Event: 3.335 loading class sun/text/resources/cldr/FormatData done
Event: 3.335 loading class sun/text/resources/cldr/FormatData_en
Event: 3.335 loading class sun/text/resources/cldr/FormatData_en done
Event: 3.335 loading class sun/text/resources/cldr/FormatData_en_US
Event: 3.335 loading class sun/text/resources/cldr/FormatData_en_US done


Dynamic libraries:
0x00007ff66e590000 - 0x00007ff66e59e000 	C:\Users\ayoub\OneDrive\Bureau\sts-4.20.0.RELEASE\plugins\org.eclipse.justj.openjdk.hotspot.jre.full.win32.x86_64_17.0.8.v20230831-1047\jre\bin\javaw.exe
0x00007ff8d35b0000 - 0x00007ff8d37c7000 	C:\Windows\SYSTEM32\ntdll.dll
0x00007ff8bcf80000 - 0x00007ff8bcf99000 	C:\Program Files\Avast Software\Avast\aswhook.dll
0x00007ff8d24c0000 - 0x00007ff8d2584000 	C:\Windows\System32\KERNEL32.DLL
0x00007ff8d0930000 - 0x00007ff8d0cd6000 	C:\Windows\System32\KERNELBASE.dll
0x00007ff8d1020000 - 0x00007ff8d1131000 	C:\Windows\System32\ucrtbase.dll
0x00007ff8bc9d0000 - 0x00007ff8bc9e9000 	C:\Users\ayoub\OneDrive\Bureau\sts-4.20.0.RELEASE\plugins\org.eclipse.justj.openjdk.hotspot.jre.full.win32.x86_64_17.0.8.v20230831-1047\jre\bin\VCRUNTIME140.dll
0x00007ff8bbec0000 - 0x00007ff8bbed7000 	C:\Users\ayoub\OneDrive\Bureau\sts-4.20.0.RELEASE\plugins\org.eclipse.justj.openjdk.hotspot.jre.full.win32.x86_64_17.0.8.v20230831-1047\jre\bin\jli.dll
0x00007ff8d32e0000 - 0x00007ff8d348d000 	C:\Windows\System32\USER32.dll
0x00007ff8d12e0000 - 0x00007ff8d1306000 	C:\Windows\System32\win32u.dll
0x00007ff8d2120000 - 0x00007ff8d2149000 	C:\Windows\System32\GDI32.dll
0x00007ff8d11c0000 - 0x00007ff8d12d8000 	C:\Windows\System32\gdi32full.dll
0x00007ff8d0ce0000 - 0x00007ff8d0d7a000 	C:\Windows\System32\msvcp_win.dll
0x00007ff8cfb20000 - 0x00007ff8cfdb3000 	C:\Windows\WinSxS\amd64_microsoft.windows.common-controls_6595b64144ccf1df_6.0.22621.2361_none_2712ced57382f843\COMCTL32.dll
0x00007ff8d17f0000 - 0x00007ff8d1897000 	C:\Windows\System32\msvcrt.dll
0x00007ff8d1460000 - 0x00007ff8d1491000 	C:\Windows\System32\IMM32.DLL
0x00000000596c0000 - 0x00000000596cc000 	C:\Program Files (x86)\360\Total Security\safemon\SafeWrapper.dll
0x00007ff8d2970000 - 0x00007ff8d2a20000 	C:\Windows\System32\ADVAPI32.dll
0x00007ff8d2820000 - 0x00007ff8d28c6000 	C:\Windows\System32\sechost.dll
0x00007ff8d2690000 - 0x00007ff8d27a7000 	C:\Windows\System32\RPCRT4.dll
0x00007ff88df90000 - 0x00007ff88e022000 	C:\Program Files (x86)\360\Total Security\safemon\libzdtp64.dll
0x00007ff8d2a20000 - 0x00007ff8d3278000 	C:\Windows\System32\SHELL32.dll
0x00007ff8d27c0000 - 0x00007ff8d281e000 	C:\Windows\System32\SHLWAPI.dll
0x00007ff8d0480000 - 0x00007ff8d048a000 	C:\Windows\SYSTEM32\VERSION.dll
0x00007ff8b7ae0000 - 0x00007ff8b7aec000 	C:\Users\ayoub\OneDrive\Bureau\sts-4.20.0.RELEASE\plugins\org.eclipse.justj.openjdk.hotspot.jre.full.win32.x86_64_17.0.8.v20230831-1047\jre\bin\vcruntime140_1.dll
0x00007ff88a830000 - 0x00007ff88a8c1000 	C:\Users\ayoub\OneDrive\Bureau\sts-4.20.0.RELEASE\plugins\org.eclipse.justj.openjdk.hotspot.jre.full.win32.x86_64_17.0.8.v20230831-1047\jre\bin\msvcp140.dll
0x00007ff87f420000 - 0x00007ff88006c000 	C:\Users\ayoub\OneDrive\Bureau\sts-4.20.0.RELEASE\plugins\org.eclipse.justj.openjdk.hotspot.jre.full.win32.x86_64_17.0.8.v20230831-1047\jre\bin\server\jvm.dll
0x00007ff8bab30000 - 0x00007ff8bab39000 	C:\Windows\SYSTEM32\WSOCK32.dll
0x00007ff8d01f0000 - 0x00007ff8d023d000 	C:\Windows\SYSTEM32\POWRPROF.dll
0x00007ff8d14a0000 - 0x00007ff8d1511000 	C:\Windows\System32\WS2_32.dll
0x00007ff8c7180000 - 0x00007ff8c71b4000 	C:\Windows\SYSTEM32\WINMM.dll
0x00007ff8cfec0000 - 0x00007ff8cfed3000 	C:\Windows\SYSTEM32\UMPDC.dll
0x00007ff8cf030000 - 0x00007ff8cf048000 	C:\Windows\SYSTEM32\kernel.appcore.dll
0x00007ff8ca330000 - 0x00007ff8ca33a000 	C:\Users\ayoub\OneDrive\Bureau\sts-4.20.0.RELEASE\plugins\org.eclipse.justj.openjdk.hotspot.jre.full.win32.x86_64_17.0.8.v20230831-1047\jre\bin\jimage.dll
0x00007ff8d0250000 - 0x00007ff8d047e000 	C:\Windows\SYSTEM32\DBGHELP.DLL
0x00007ff8d18a0000 - 0x00007ff8d1c2a000 	C:\Windows\System32\combase.dll
0x00007ff8d3490000 - 0x00007ff8d3567000 	C:\Windows\System32\OLEAUT32.dll
0x00007ff8d00b0000 - 0x00007ff8d00e2000 	C:\Windows\SYSTEM32\dbgcore.DLL
0x00007ff8d1140000 - 0x00007ff8d11ba000 	C:\Windows\System32\bcryptPrimitives.dll
0x00007ff8b8050000 - 0x00007ff8b8075000 	C:\Users\ayoub\OneDrive\Bureau\sts-4.20.0.RELEASE\plugins\org.eclipse.justj.openjdk.hotspot.jre.full.win32.x86_64_17.0.8.v20230831-1047\jre\bin\java.dll
0x00007ff8b8030000 - 0x00007ff8b8048000 	C:\Users\ayoub\OneDrive\Bureau\sts-4.20.0.RELEASE\plugins\org.eclipse.justj.openjdk.hotspot.jre.full.win32.x86_64_17.0.8.v20230831-1047\jre\bin\zip.dll
0x00007ff8cddb0000 - 0x00007ff8ce6a2000 	C:\Windows\SYSTEM32\windows.storage.dll
0x00007ff8cdc70000 - 0x00007ff8cddae000 	C:\Windows\SYSTEM32\wintypes.dll
0x00007ff8d2150000 - 0x00007ff8d2243000 	C:\Windows\System32\SHCORE.dll
0x00007ff8d0860000 - 0x00007ff8d0886000 	C:\Windows\SYSTEM32\profapi.dll
0x00007ff8b7af0000 - 0x00007ff8b7b09000 	C:\Users\ayoub\OneDrive\Bureau\sts-4.20.0.RELEASE\plugins\org.eclipse.justj.openjdk.hotspot.jre.full.win32.x86_64_17.0.8.v20230831-1047\jre\bin\net.dll
0x00007ff8c9460000 - 0x00007ff8c9597000 	C:\Windows\SYSTEM32\WINHTTP.dll
0x00007ff8cf4c0000 - 0x00007ff8cf529000 	C:\Windows\system32\mswsock.dll
0x00007ff8b7700000 - 0x00007ff8b7715000 	C:\Users\ayoub\OneDrive\Bureau\sts-4.20.0.RELEASE\plugins\org.eclipse.justj.openjdk.hotspot.jre.full.win32.x86_64_17.0.8.v20230831-1047\jre\bin\nio.dll
0x00007ff8ccb40000 - 0x00007ff8ccb49000 	C:\Users\ayoub\OneDrive\Bureau\sts-4.20.0.RELEASE\plugins\org.eclipse.justj.openjdk.hotspot.jre.full.win32.x86_64_17.0.8.v20230831-1047\jre\bin\management.dll
0x00007ff8bc020000 - 0x00007ff8bc02b000 	C:\Users\ayoub\OneDrive\Bureau\sts-4.20.0.RELEASE\plugins\org.eclipse.justj.openjdk.hotspot.jre.full.win32.x86_64_17.0.8.v20230831-1047\jre\bin\management_ext.dll
0x00007ff8d17e0000 - 0x00007ff8d17e8000 	C:\Windows\System32\PSAPI.DLL
0x00007ff8aa510000 - 0x00007ff8aa527000 	C:\Windows\system32\napinsp.dll
0x00007ff8aa4f0000 - 0x00007ff8aa50b000 	C:\Windows\system32\pnrpnsp.dll
0x00007ff8ceba0000 - 0x00007ff8cec99000 	C:\Windows\SYSTEM32\DNSAPI.dll
0x00007ff8ceb70000 - 0x00007ff8ceb9d000 	C:\Windows\SYSTEM32\IPHLPAPI.DLL
0x00007ff8d27b0000 - 0x00007ff8d27b9000 	C:\Windows\System32\NSI.dll
0x00007ff8aa4a0000 - 0x00007ff8aa4b1000 	C:\Windows\System32\winrnr.dll
0x00007ff8aa480000 - 0x00007ff8aa495000 	C:\Windows\system32\wshbth.dll
0x00007ff8aa430000 - 0x00007ff8aa451000 	C:\Windows\system32\nlansp_c.dll
0x00007ff8c95b0000 - 0x00007ff8c95ba000 	C:\Windows\System32\rasadhlp.dll
0x00007ff8c8c60000 - 0x00007ff8c8ce4000 	C:\Windows\System32\fwpuclnt.dll
0x00007ff8d0580000 - 0x00007ff8d059b000 	C:\Windows\SYSTEM32\CRYPTSP.dll
0x00007ff8cf7a0000 - 0x00007ff8cf7d5000 	C:\Windows\system32\rsaenh.dll
0x00007ff8cf530000 - 0x00007ff8cf55c000 	C:\Windows\SYSTEM32\USERENV.dll
0x00007ff8d0180000 - 0x00007ff8d01a8000 	C:\Windows\SYSTEM32\bcrypt.dll
0x00007ff8cf980000 - 0x00007ff8cf98c000 	C:\Windows\SYSTEM32\CRYPTBASE.dll
0x00007ff8c92d0000 - 0x00007ff8c92e9000 	C:\Windows\SYSTEM32\dhcpcsvc6.DLL
0x00007ff8c92b0000 - 0x00007ff8c92cf000 	C:\Windows\SYSTEM32\dhcpcsvc.DLL
0x00007ff8b9420000 - 0x00007ff8b9430000 	C:\Users\ayoub\OneDrive\Bureau\sts-4.20.0.RELEASE\plugins\org.eclipse.justj.openjdk.hotspot.jre.full.win32.x86_64_17.0.8.v20230831-1047\jre\bin\verify.dll

dbghelp: loaded successfully - version: 4.0.5 - missing functions: none
symbol engine: initialized successfully - sym options: 0x614 - pdb path: .;C:\Users\ayoub\OneDrive\Bureau\sts-4.20.0.RELEASE\plugins\org.eclipse.justj.openjdk.hotspot.jre.full.win32.x86_64_17.0.8.v20230831-1047\jre\bin;C:\Windows\SYSTEM32;C:\Program Files\Avast Software\Avast;C:\Windows\WinSxS\amd64_microsoft.windows.common-controls_6595b64144ccf1df_6.0.22621.2361_none_2712ced57382f843;C:\Program Files (x86)\360\Total Security\safemon;C:\Users\ayoub\OneDrive\Bureau\sts-4.20.0.RELEASE\plugins\org.eclipse.justj.openjdk.hotspot.jre.full.win32.x86_64_17.0.8.v20230831-1047\jre\bin\server

VM Arguments:
jvm_args: -Dcom.sun.management.jmxremote -Dcom.sun.management.jmxremote.port=57678 -Dcom.sun.management.jmxremote.authenticate=false -Dcom.sun.management.jmxremote.ssl=false -Djava.rmi.server.hostname=localhost -Dspring.jmx.enabled=true -Dmanagement.endpoints.jmx.exposure.include=* -Dspring.application.admin.enabled=true -XX:TieredStopAtLevel=1 -Dspring.boot.project.name=Eureka-server -Dfile.encoding=UTF-8 -Dstdout.encoding=UTF-8 -Dstderr.encoding=UTF-8 -XX:+ShowCodeDetailsInExceptionMessages 
java_command: com.optimagrowth.eureka.EurekaServerApplication --spring.output.ansi.enabled=always
java_class_path (initial): C:\Users\ayoub\OneDrive\Bureau\Achbaro_Project\Microservices_Tmp_Taxe\Eureka-server\target\classes;C:\Users\ayoub\.m2\repository\org\springframework\boot\spring-boot-starter-actuator\3.2.1\spring-boot-starter-actuator-3.2.1.jar;C:\Users\ayoub\.m2\repository\org\springframework\boot\spring-boot-starter\3.2.1\spring-boot-starter-3.2.1.jar;C:\Users\ayoub\.m2\repository\org\springframework\boot\spring-boot\3.2.1\spring-boot-3.2.1.jar;C:\Users\ayoub\.m2\repository\org\springframework\spring-context\6.1.2\spring-context-6.1.2.jar;C:\Users\ayoub\.m2\repository\org\springframework\boot\spring-boot-autoconfigure\3.2.1\spring-boot-autoconfigure-3.2.1.jar;C:\Users\ayoub\.m2\repository\org\springframework\boot\spring-boot-starter-logging\3.2.1\spring-boot-starter-logging-3.2.1.jar;C:\Users\ayoub\.m2\repository\ch\qos\logback\logback-classic\1.4.14\logback-classic-1.4.14.jar;C:\Users\ayoub\.m2\repository\ch\qos\logback\logback-core\1.4.14\logback-core-1.4.14.jar;C:\Users\ayoub\.m2\repository\org\apache\logging\log4j\log4j-to-slf4j\2.21.1\log4j-to-slf4j-2.21.1.jar;C:\Users\ayoub\.m2\repository\org\apache\logging\log4j\log4j-api\2.21.1\log4j-api-2.21.1.jar;C:\Users\ayoub\.m2\repository\org\slf4j\jul-to-slf4j\2.0.9\jul-to-slf4j-2.0.9.jar;C:\Users\ayoub\.m2\repository\jakarta\annotation\jakarta.annotation-api\2.1.1\jakarta.annotation-api-2.1.1.jar;C:\Users\ayoub\.m2\repository\org\springframework\boot\spring-boot-actuator-autoconfigure\3.2.1\spring-boot-actuator-autoconfigure-3.2.1.jar;C:\Users\ayoub\.m2\repository\org\springframework\boot\spring-boot-actuator\3.2.1\spring-boot-actuator-3.2.1.jar;C:\Users\ayoub\.m2\repository\com\fasterxml\jackson\core\jackson-databind\2.15.3\jackson-databind-2.15.3.jar;C:\Users\ayoub\.m2\repository\com\fasterxml\jackson\datatype\jackson-datatype-jsr310\2.15.3\jackson-datatype-jsr310-2.15.3.jar;C:\Users\ayoub\.m2\repository\io\micrometer\micrometer-observation\1.12.1\micrometer-observation-1.12.1.jar;C:\Users\ayoub\.m2\r
Launcher Type: SUN_STANDARD

[Global flags]
     intx CICompilerCount                          = 4                                         {product} {ergonomic}
     uint ConcGCThreads                            = 2                                         {product} {ergonomic}
     uint G1ConcRefinementThreads                  = 8                                         {product} {ergonomic}
   size_t G1HeapRegionSize                         = 2097152                                   {product} {ergonomic}
    uintx GCDrainStackTargetSize                   = 64                                        {product} {ergonomic}
   size_t InitialHeapSize                          = 266338304                                 {product} {ergonomic}
     bool ManagementServer                         = true                                      {product} {command line}
   size_t MarkStackSize                            = 4194304                                   {product} {ergonomic}
   size_t MaxHeapSize                              = 4261412864                                {product} {ergonomic}
   size_t MaxNewSize                               = 2556428288                                {product} {ergonomic}
   size_t MinHeapDeltaBytes                        = 2097152                                   {product} {ergonomic}
   size_t MinHeapSize                              = 8388608                                   {product} {ergonomic}
    uintx NonProfiledCodeHeapSize                  = 0                                      {pd product} {ergonomic}
     bool ProfileInterpreter                       = false                                  {pd product} {command line}
    uintx ProfiledCodeHeapSize                     = 0                                      {pd product} {ergonomic}
     bool ShowCodeDetailsInExceptionMessages       = true                                   {manageable} {command line}
   size_t SoftMaxHeapSize                          = 4261412864                             {manageable} {ergonomic}
     intx TieredStopAtLevel                        = 1                                         {product} {command line}
     bool UseCompressedClassPointers               = true                           {product lp64_product} {ergonomic}
     bool UseCompressedOops                        = true                           {product lp64_product} {ergonomic}
     bool UseG1GC                                  = true                                      {product} {ergonomic}
     bool UseLargePagesIndividualAllocation        = false                                  {pd product} {ergonomic}

Logging:
Log output configuration:
 #0: stdout all=warning uptime,level,tags
 #1: stderr all=off uptime,level,tags

Environment Variables:
JAVA_HOME=C:\Program Files\Java\jdk-17
PATH=C:/Users/ayoub/OneDrive/Bureau/sts-4.20.0.RELEASE//plugins/org.eclipse.justj.openjdk.hotspot.jre.full.win32.x86_64_17.0.8.v20230831-1047/jre/bin/server;C:/Users/ayoub/OneDrive/Bureau/sts-4.20.0.RELEASE//plugins/org.eclipse.justj.openjdk.hotspot.jre.full.win32.x86_64_17.0.8.v20230831-1047/jre/bin;C:\Program Files\Common Files\Oracle\Java\javapath;C:\Program Files (x86)\Common Files\Oracle\Java\javapath;C:\Windows\system32;C:\Windows;C:\Windows\System32\Wbem;C:\Windows\System32\WindowsPowerShell\v1.0\;C:\Windows\System32\OpenSSH\;C:\Program Files\Common Files\Oracle\Java\javapath;C:\Program Files\Git\cmd;C:\flutter_windows_3.13.6-stable\flutter\bin;C:\Program Files (x86)\Windows Kits\10\Windows Performance Toolkit\;C:\Program Files\Cloudflare\Cloudflare WARP\;C:\Program Files\Java\jdk-17\bin;C:\Program Files\Java\jre-1.8\bin;C:\apache-maven-3.9.5\bin;C:\Program Files (x86)\NVIDIA Corporation\PhysX\Common;C:\Users\ayoub\AppData\Roaming\npm;C:\Users\ayoub\AppData\Local\Pub\Cache\bin;C:\ProgramData\chocolatey\bin;C:\sonar-scanner-5.0.1.3006-windows\bin;C:\Program Files\php-8.3.1;C:\ProgramData\ComposerSetup\bin;C:\Program Files\nodejs\;C:\Users\ayoub\AppData\Local\Microsoft\WindowsApps;C:\Program Files\JetBrains\IntelliJ IDEA 2023.2.2\bin;;C:\Users\ayoub\AppData\Local\Programs\Microsoft VS Code\bin;C:\flutter\bin;C:\xampp\php;C:\Users\ayoub\composer;C:\Users\ayoub\AppData\Roaming\Composer\vendor\bin;C:\Users\ayoub\AppData\Roaming\npm;C:\Users\ayoub\OneDrive\Bureau\sts-4.20.0.RELEASE;
USERNAME=ayoub
OS=Windows_NT
PROCESSOR_IDENTIFIER=Intel64 Family 6 Model 142 Stepping 12, GenuineIntel
TMP=C:\Users\ayoub\AppData\Local\Temp
TEMP=C:\Users\ayoub\AppData\Local\Temp



---------------  S Y S T E M  ---------------

OS:
 Windows 11 , 64 bit Build 22621 (10.0.22621.2428)
OS uptime: 0 days 2:54 hours
Hyper-V role detected

CPU: total 8 (initial active 8) (4 cores per cpu, 2 threads per core) family 6 model 142 stepping 12 microcode 0xec, cx8, cmov, fxsr, ht, mmx, 3dnowpref, sse, sse2, sse3, ssse3, sse4.1, sse4.2, popcnt, lzcnt, tsc, tscinvbit, avx, avx2, aes, erms, clmul, bmi1, bmi2, adx, fma, vzeroupper, clflush, clflushopt, hv
Processor Information for all 8 processors :
  Max Mhz: 1992, Current Mhz: 1792, Mhz Limit: 1792

Memory: 4k page, system-wide physical 16254M (1984M free)
TotalPageFile size 19472M (AvailPageFile size 3446M)
current process WorkingSet (physical memory assigned to process): 122M, peak: 122M
current process commit charge ("private bytes"): 162M, peak: 366M

vm_info: OpenJDK 64-Bit Server VM (17.0.8.1+1) for windows-amd64 JRE (17.0.8.1+1), built on Aug 23 2023 15:29:17 by "admin" with MS VC++ 16.7 (VS2019)

END.
